{"/home/gokay/Documents/global-store/src/index.ts": {"path":"/home/gokay/Documents/global-store/src/index.ts","statementMap":{"0":{"start":{"line":3,"column":0},"end":{"line":3,"column":7}},"1":{"start":{"line":7,"column":9},"end":{"line":3,"column":45}},"2":{"start":{"line":5,"column":14},"end":{"line":5,"column":34}},"3":{"start":{"line":8,"column":0},"end":{"line":8,"column":21}}},"fnMap":{},"branchMap":{},"s":{"0":0,"1":0,"2":0,"3":0},"f":{},"b":{}}
,"/home/gokay/Documents/global-store/src/models/EventStore.ts": {"path":"/home/gokay/Documents/global-store/src/models/EventStore.ts","statementMap":{"0":{"start":{"line":4,"column":0},"end":{"line":4,"column":null}},"1":{"start":{"line":9,"column":14},"end":{"line":9,"column":null}},"2":{"start":{"line":5,"column":2},"end":{"line":5,"column":46}},"3":{"start":{"line":6,"column":2},"end":{"line":6,"column":29}},"4":{"start":{"line":10,"column":4},"end":{"line":10,"column":44}},"5":{"start":{"line":10,"column":24},"end":{"line":10,"column":44}},"6":{"start":{"line":13,"column":10},"end":{"line":15,"column":null}},"7":{"start":{"line":14,"column":4},"end":{"line":14,"column":33}},"8":{"start":{"line":19,"column":2},"end":{"line":25,"column":null}},"9":{"start":{"line":20,"column":4},"end":{"line":20,"column":37}},"10":{"start":{"line":21,"column":16},"end":{"line":21,"column":37}},"11":{"start":{"line":22,"column":4},"end":{"line":22,"column":27}},"12":{"start":{"line":22,"column":14},"end":{"line":22,"column":27}},"13":{"start":{"line":23,"column":4},"end":{"line":23,"column":48}},"14":{"start":{"line":23,"column":22},"end":{"line":23,"column":47}},"15":{"start":{"line":24,"column":4},"end":{"line":24,"column":16}},"16":{"start":{"line":27,"column":2},"end":{"line":31,"column":null}},"17":{"start":{"line":28,"column":4},"end":{"line":28,"column":56}},"18":{"start":{"line":29,"column":4},"end":{"line":29,"column":41}},"19":{"start":{"line":30,"column":4},"end":{"line":30,"column":16}},"20":{"start":{"line":33,"column":2},"end":{"line":37,"column":null}},"21":{"start":{"line":34,"column":22},"end":{"line":34,"column":43}},"22":{"start":{"line":35,"column":4},"end":{"line":35,"column":66}},"23":{"start":{"line":35,"column":53},"end":{"line":35,"column":65}},"24":{"start":{"line":36,"column":4},"end":{"line":36,"column":16}},"25":{"start":{"line":38,"column":0},"end":{"line":38,"column":null}}},"fnMap":{"0":{"name":"(anonymous_0)","decl":{"start":{"line":4,"column":0},"end":{"line":4,"column":null}},"loc":{"start":{"line":4,"column":0},"end":{"line":38,"column":null}}},"1":{"name":"EventStore","decl":{"start":{"line":9,"column":2},"end":{"line":9,"column":14}},"loc":{"start":{"line":9,"column":36},"end":{"line":11,"column":3}}},"2":{"name":"(anonymous_2)","decl":{"start":{"line":13,"column":2},"end":{"line":13,"column":10}},"loc":{"start":{"line":13,"column":40},"end":{"line":15,"column":3}}},"3":{"name":"(anonymous_3)","decl":{"start":{"line":19,"column":2},"end":{"line":19,"column":6}},"loc":{"start":{"line":19,"column":32},"end":{"line":25,"column":3}}},"4":{"name":"(anonymous_4)","decl":{"start":{"line":23,"column":16},"end":{"line":23,"column":18}},"loc":{"start":{"line":23,"column":18},"end":{"line":23,"column":23}}},"5":{"name":"(anonymous_5)","decl":{"start":{"line":27,"column":2},"end":{"line":27,"column":13}},"loc":{"start":{"line":27,"column":48},"end":{"line":31,"column":3}}},"6":{"name":"(anonymous_6)","decl":{"start":{"line":33,"column":2},"end":{"line":33,"column":16}},"loc":{"start":{"line":33,"column":44},"end":{"line":37,"column":3}}},"7":{"name":"(anonymous_7)","decl":{"start":{"line":35,"column":45},"end":{"line":35,"column":49}},"loc":{"start":{"line":35,"column":49},"end":{"line":35,"column":55}}}},"branchMap":{"0":{"loc":{"start":{"line":9,"column":14},"end":{"line":9,"column":null}},"type":"if","locations":[{"start":{"line":9,"column":14},"end":{"line":9,"column":null}},{"start":{"line":9,"column":14},"end":{"line":9,"column":null}}]},"1":{"loc":{"start":{"line":10,"column":4},"end":{"line":10,"column":44}},"type":"if","locations":[{"start":{"line":10,"column":4},"end":{"line":10,"column":44}},{"start":{"line":10,"column":4},"end":{"line":10,"column":44}}]},"2":{"loc":{"start":{"line":14,"column":16},"end":{"line":14,"column":18}},"type":"cond-expr","locations":[{"start":{"line":14,"column":16},"end":{"line":14,"column":18}},{"start":{"line":14,"column":16},"end":{"line":14,"column":33}}]},"3":{"loc":{"start":{"line":14,"column":4},"end":{"line":14,"column":18}},"type":"binary-expr","locations":[{"start":{"line":14,"column":4},"end":{"line":14,"column":18}},{"start":{"line":14,"column":16},"end":{"line":14,"column":18}}]},"4":{"loc":{"start":{"line":22,"column":4},"end":{"line":22,"column":27}},"type":"if","locations":[{"start":{"line":22,"column":4},"end":{"line":22,"column":27}},{"start":{"line":22,"column":4},"end":{"line":22,"column":27}}]},"5":{"loc":{"start":{"line":23,"column":30},"end":{"line":23,"column":38}},"type":"cond-expr","locations":[{"start":{"line":23,"column":30},"end":{"line":23,"column":38}},{"start":{"line":23,"column":41},"end":{"line":23,"column":45}}]},"6":{"loc":{"start":{"line":28,"column":28},"end":{"line":28,"column":49}},"type":"binary-expr","locations":[{"start":{"line":28,"column":28},"end":{"line":28,"column":49}},{"start":{"line":28,"column":53},"end":{"line":28,"column":55}}]}},"s":{"0":0,"1":0,"2":0,"3":0,"4":0,"5":0,"6":0,"7":0,"8":0,"9":0,"10":0,"11":0,"12":0,"13":0,"14":0,"15":0,"16":0,"17":0,"18":0,"19":0,"20":0,"21":0,"22":0,"23":0,"24":0,"25":0},"f":{"0":0,"1":0,"2":0,"3":0,"4":0,"5":0,"6":0,"7":0},"b":{"0":[0,0],"1":[0,0],"2":[0,0],"3":[0,0],"4":[0,0],"5":[0,0],"6":[0,0]}}
}
